<?xml version="1.0" encoding="UTF-8"?>
<!-- Generated by org.testng.reporters.JUnitReportReporter -->
<testsuite hostname="DESKTOP-92VFLVU" failures="0" tests="1" name="day3.Cookies" time="1.574" errors="0" timestamp="2025-04-03T15:34:13 ICT" skipped="0">
  <testcase classname="day3.Cookies" name="getCookiesInfor" time="1.574"/>
</testsuite> <!-- day3.Cookies -->
