<?xml version="1.0" encoding="UTF-8"?>
<!-- Generated by org.testng.reporters.JUnitReportReporter -->
<testsuite hostname="DESKTOP-92VFLVU" failures="0" tests="1" name="day3.body" time="2.533" errors="0" timestamp="2025-04-08T14:49:13 ICT" skipped="0">
  <testcase classname="day3.body" name="testCookies" time="2.533"/>
</testsuite> <!-- day3.body -->
