<?xml version="1.0" encoding="UTF-8"?>
<!-- Generated by org.testng.reporters.JUnitReportReporter -->
<testsuite hostname="DESKTOP-92VFLVU" failures="0" tests="4" name="HTTPRequest" time="7.020" errors="0" timestamp="2025-04-02T23:58:46 ICT" skipped="0">
  <testcase classname="HTTPRequest" name="getUser" time="3.579"/>
  <testcase classname="HTTPRequest" name="createUser" time="1.053"/>
  <testcase classname="HTTPRequest" name="updateUser" time="1.050"/>
  <testcase classname="HTTPRequest" name="deleteUser" time="1.338"/>
</testsuite> <!-- HTTPRequest -->
