<?xml version="1.0" encoding="UTF-8"?>
<!-- Generated by org.testng.reporters.JUnitReportReporter -->
<testsuite hostname="DESKTOP-92VFLVU" failures="0" tests="1" name="day2.WaysToCreatePostReq" time="1.947" errors="0" timestamp="2025-04-03T09:59:16 ICT" skipped="0">
  <testcase classname="day2.WaysToCreatePostReq" name="testPostUsingPOJO" time="1.947"/>
</testsuite> <!-- day2.WaysToCreatePostReq -->
