<?xml version="1.0" encoding="UTF-8"?>
<!-- Generated by org.testng.reporters.JUnitReportReporter -->
<testsuite hostname="DESKTOP-92VFLVU" failures="0" tests="1" name="day3.body" time="1.721" errors="0" timestamp="2025-04-03T16:03:33 ICT" skipped="0">
  <testcase classname="day3.body" name="testCookies" time="1.721"/>
</testsuite> <!-- day3.body -->
