<?xml version="1.0" encoding="UTF-8"?>
<!-- Generated by org.testng.reporters.JUnitReportReporter -->
<testsuite hostname="DESKTOP-92VFLVU" failures="0" tests="1" name="day3.Headers" time="1.823" errors="0" timestamp="2025-04-03T15:58:14 ICT" skipped="0">
  <testcase classname="day3.Headers" name="testHeaders" time="1.823"/>
</testsuite> <!-- day3.Headers -->
