<?xml version="1.0" encoding="UTF-8"?>
<!-- Generated by org.testng.reporters.JUnitReportReporter -->
<testsuite hostname="DESKTOP-92VFLVU" failures="0" tests="1" name="day3.PathAndQueryParameters" time="1.404" errors="0" timestamp="2025-04-03T14:51:25 ICT" skipped="0">
  <testcase classname="day3.PathAndQueryParameters" name="testQueryAndPathParam" time="1.404"/>
</testsuite> <!-- day3.PathAndQueryParameters -->
