<?xml version="1.0" encoding="UTF-8"?>
<!-- Generated by org.testng.reporters.JUnitReportReporter -->
<testsuite hostname="DESKTOP-92VFLVU" failures="0" tests="1" name="day4.ParsingJsonResponse" time="1.038" errors="0" timestamp="2025-04-03T17:54:17 ICT" skipped="0">
  <testcase classname="day4.ParsingJsonResponse" name="testJsonParseBodyData" time="1.038"/>
</testsuite> <!-- day4.ParsingJsonResponse -->
